<?xml version="1.0" encoding="UTF-8"?>
<!-- Generated by org.testng.reporters.JUnitReportReporter -->
<testsuite hostname="navadhiti-Latitude-E7470" failures="0" tests="1" name="Appium_ecommerce.tc_1" time="52.322" errors="0" timestamp="2023-01-03T16:36:28 IST" skipped="0">
  <testcase classname="Appium_ecommerce.tc_1" name="fillform" time="52.322"/>
  <system-out/>
</testsuite> <!-- Appium_ecommerce.tc_1 -->
