<?xml version="1.0" encoding="UTF-8"?>
<!-- Generated by org.testng.reporters.JUnitReportReporter -->
<testsuite hostname="navadhiti-Latitude-E7470" failures="0" tests="1" name="Appium_ecommerce.Base_class" time="8.976" errors="0" timestamp="2023-01-03T15:33:51 IST" skipped="0">
  <testcase classname="Appium_ecommerce.Base_class" name="ConfugureAppium" time="8.976"/>
  <system-out/>
</testsuite> <!-- Appium_ecommerce.Base_class -->
