<?xml version="1.0" encoding="UTF-8"?>
<!-- Generated by org.testng.reporters.JUnitReportReporter -->
<testsuite hostname="navadhiti-Latitude-E7470" failures="0" tests="1" name="Appium_ecommerce.AddtoCart" time="12.268" errors="0" timestamp="2023-01-04T14:46:37 IST" skipped="0">
  <testcase classname="Appium_ecommerce.AddtoCart" name="Add_to_cart" time="12.268"/>
  <system-out/>
</testsuite> <!-- Appium_ecommerce.AddtoCart -->
